<?xml version="1.0" encoding="UTF-8"?>
<!-- Generated by org.testng.reporters.JUnitXMLReporter -->
<testsuite ignored="6" hostname="DESKTOP-G009PM7" failures="0" tests="3" name="my test" time="0.137" errors="0" timestamp="2023-12-04T12:14:11 IST">
  <testcase classname="day_36.Grouping" name="loginbyfacebook" time="0.016"/>
  <testcase classname="day_36.Grouping" name="loginbytwitter" time="0.002"/>
  <testcase classname="day_36.Grouping" name="paymentindollars" time="0.006"/>
  <testcase classname="day_36.Grouping" name="signupbytwitter" time="0.0">
    <ignored/>
  </testcase> <!-- signupbytwitter -->
  <testcase classname="day_36.Grouping" name="paymentreturnbybank" time="0.0">
    <ignored/>
  </testcase> <!-- paymentreturnbybank -->
  <testcase classname="day_36.Grouping" name="loginbyemail" time="0.0">
    <ignored/>
  </testcase> <!-- loginbyemail -->
  <testcase classname="day_36.Grouping" name="paymentinrupees" time="0.0">
    <ignored/>
  </testcase> <!-- paymentinrupees -->
  <testcase classname="day_36.Grouping" name="signupbyfacebook" time="0.0">
    <ignored/>
  </testcase> <!-- signupbyfacebook -->
  <testcase classname="day_36.Grouping" name="signupbyemail" time="0.0">
    <ignored/>
  </testcase> <!-- signupbyemail -->
</testsuite> <!-- my test -->
